<?xml version="1.0" encoding="UTF-8"?>
<testng-results skipped="0" failed="0" ignored="0" total="0" passed="0">
  <reporter-output>
  </reporter-output>
  <suite name="runners.TestRunner" duration-ms="7" started-at="2020-09-05T17:51:23 IST" finished-at="2020-09-05T17:51:23 IST">
    <groups>
    </groups>
    <test name="Command line test" duration-ms="7" started-at="2020-09-05T17:51:23 IST" finished-at="2020-09-05T17:51:23 IST">
    </test> <!-- Command line test -->
  </suite> <!-- runners.TestRunner -->
</testng-results>
